2022-12-10 06:26:15:b6d157ba2c2b6c40f93128663d651bb1:：__construct：POST値：Array
(
    [question] => flag9
)

2022-12-10 06:28:06:b6d157ba2c2b6c40f93128663d651bb1:：__construct：POST値：Array
(
    [question] => flag9
)

2022-12-17 06:43:32:0ae495742b72915e7aa486c0a61cb276:：__construct：POST値：Array
(
    [question] => flag9
)

2022-12-17 06:46:14:f9996e294c996b3d085cc3150d12fc13:：__construct：POST値：Array
(
    [question] => flag9
)

2022-12-17 06:47:10:f9996e294c996b3d085cc3150d12fc13:：__construct：POST値：Array
(
    [question] => flag9
)

2022-12-17 06:47:28:0ae495742b72915e7aa486c0a61cb276:：__construct：POST値：Array
(
    [question] => flag9
)

2022-12-17 07:11:53:f9996e294c996b3d085cc3150d12fc13:：__construct：POST値：Array
(
    [question] => flag9
)

2022-12-17 07:26:05:f9996e294c996b3d085cc3150d12fc13:：__construct：POST値：Array
(
    [question] => flag9
)

2022-12-17 07:26:33:0ae495742b72915e7aa486c0a61cb276:：__construct：POST値：Array
(
    [question] => flag9
)

2022-12-18 07:14:40:f9996e294c996b3d085cc3150d12fc13:：__construct：POST値：Array
(
    [question] => flag9
)

2022-12-18 07:16:42:f9996e294c996b3d085cc3150d12fc13:：__construct：POST値：Array
(
    [question] => flag4
)

2022-12-18 07:17:50:f9996e294c996b3d085cc3150d12fc13:：__construct：POST値：Array
(
    [question] => flag4
)

2022-12-18 07:19:29:f9996e294c996b3d085cc3150d12fc13:：__construct：POST値：Array
(
    [question] => flag4
)

2022-12-18 07:21:02:f9996e294c996b3d085cc3150d12fc13:：__construct：POST値：Array
(
    [question] => shibainu4
)

2022-12-18 07:24:35:f9996e294c996b3d085cc3150d12fc13:：__construct：POST値：Array
(
    [question] => shibainu4
)

2022-12-18 07:29:11:f9996e294c996b3d085cc3150d12fc13:：__construct：POST値：Array
(
    [question] => shibainu4
)

2022-12-18 07:30:09:f9996e294c996b3d085cc3150d12fc13:：__construct：POST値：Array
(
    [question] => shibainu4
)

2022-12-18 07:30:11:f9996e294c996b3d085cc3150d12fc13:：__construct：POST値：Array
(
    [question] => shibainu4
)

2022-12-18 07:51:37:f9996e294c996b3d085cc3150d12fc13:：__construct：POST値：Array
(
    [question] => shibainu4
)

2022-12-18 07:52:44:f9996e294c996b3d085cc3150d12fc13:：__construct：POST値：Array
(
    [question] => shibainu4
)

2022-12-18 07:54:51:f9996e294c996b3d085cc3150d12fc13:：__construct：POST値：Array
(
    [question] => shibainu4
)

2022-12-18 07:55:26:f9996e294c996b3d085cc3150d12fc13:：__construct：POST値：Array
(
    [question] => shibainu4
)

2022-12-18 07:55:44:f9996e294c996b3d085cc3150d12fc13:：__construct：POST値：Array
(
    [question] => shibainu4
)

2022-12-18 07:56:06:f9996e294c996b3d085cc3150d12fc13:：__construct：POST値：Array
(
    [question] => shibainu4
)

2022-12-18 07:57:23:f9996e294c996b3d085cc3150d12fc13:：__construct：POST値：Array
(
    [question] => shibainu4
)

2022-12-18 07:58:29:f9996e294c996b3d085cc3150d12fc13:：__construct：POST値：Array
(
    [question] => shibainu4
)

2022-12-18 07:58:45:f9996e294c996b3d085cc3150d12fc13:：__construct：POST値：Array
(
    [question] => shibainu4
)

2022-12-18 07:58:46:f9996e294c996b3d085cc3150d12fc13:：__construct：POST値：Array
(
    [question] => shibainu4
)

2022-12-18 07:59:03:f9996e294c996b3d085cc3150d12fc13:：__construct：POST値：Array
(
    [question] => shibainu4
)

2022-12-18 07:59:43:f9996e294c996b3d085cc3150d12fc13:：__construct：POST値：Array
(
    [question] => shibainu4
)

2022-12-18 07:59:45:f9996e294c996b3d085cc3150d12fc13:：__construct：POST値：Array
(
    [question] => shibainu4
)

2022-12-18 07:59:47:f9996e294c996b3d085cc3150d12fc13:：__construct：POST値：Array
(
    [question] => shibainu4
)

2022-12-18 07:59:48:f9996e294c996b3d085cc3150d12fc13:：__construct：POST値：Array
(
    [question] => shibainu4
)

2022-12-18 07:59:51:f9996e294c996b3d085cc3150d12fc13:：__construct：POST値：Array
(
    [question] => shibainu4
)

2022-12-18 07:59:52:f9996e294c996b3d085cc3150d12fc13:：__construct：POST値：Array
(
    [question] => shibainu4
)

2022-12-18 07:59:57:f9996e294c996b3d085cc3150d12fc13:：__construct：POST値：Array
(
    [question] => shibainu4
)

2022-12-18 08:04:09:f9996e294c996b3d085cc3150d12fc13:：__construct：POST値：Array
(
    [question] => shibainu4
)

2022-12-18 08:08:12:f9996e294c996b3d085cc3150d12fc13:：__construct：POST値：Array
(
    [question] => shibainu4
)

2022-12-18 08:08:33:f9996e294c996b3d085cc3150d12fc13:：__construct：POST値：Array
(
    [question] => shibainu4
)

2022-12-18 08:09:32:f9996e294c996b3d085cc3150d12fc13:：__construct：POST値：Array
(
    [question] => shibainu4
)

2022-12-18 08:10:06:f9996e294c996b3d085cc3150d12fc13:：__construct：POST値：Array
(
    [question] => shibainu4
)

2022-12-18 08:10:14:f9996e294c996b3d085cc3150d12fc13:：__construct：POST値：Array
(
    [question] => shibainu4
)

2022-12-18 08:11:56:f9996e294c996b3d085cc3150d12fc13:：__construct：POST値：Array
(
    [question] => shibainu4
)

2022-12-18 08:14:06:f9996e294c996b3d085cc3150d12fc13:：__construct：POST値：Array
(
    [question] => shibainu4
)

2022-12-18 08:14:39:f9996e294c996b3d085cc3150d12fc13:：__construct：POST値：Array
(
    [question] => shibainu4
)

2022-12-18 08:16:10:f9996e294c996b3d085cc3150d12fc13:：__construct：POST値：Array
(
    [question] => shibainu4
)

2022-12-18 08:18:06:f9996e294c996b3d085cc3150d12fc13:：__construct：POST値：Array
(
    [question] => shibainu4
)

2022-12-18 08:18:24:f9996e294c996b3d085cc3150d12fc13:：__construct：POST値：Array
(
    [question] => shibainu4
)

2022-12-18 08:44:20:f9996e294c996b3d085cc3150d12fc13:：__construct：POST値：Array
(
    [question] => shibainu4
)

2022-12-18 08:45:08:f9996e294c996b3d085cc3150d12fc13:：__construct：POST値：Array
(
    [question] => shibainu4
)

2022-12-18 08:46:48:f9996e294c996b3d085cc3150d12fc13:：__construct：POST値：Array
(
    [question] => shibainu4
)

2022-12-18 08:47:02:f9996e294c996b3d085cc3150d12fc13:：__construct：POST値：Array
(
    [question] => shibainu4
)

2022-12-18 08:47:18:f9996e294c996b3d085cc3150d12fc13:：__construct：POST値：Array
(
    [question] => shibainu4
)

2022-12-18 08:51:00:f9996e294c996b3d085cc3150d12fc13:：__construct：POST値：Array
(
    [question] => shibainu4
)

2022-12-18 08:53:09:f9996e294c996b3d085cc3150d12fc13:：__construct：POST値：Array
(
    [question] => shibainu4
)

2022-12-18 09:01:49:f9996e294c996b3d085cc3150d12fc13:：__construct：POST値：Array
(
    [pattern] => shibainu4
    [mode] => hint
)

2022-12-18 09:02:48:f9996e294c996b3d085cc3150d12fc13:：__construct：POST値：Array
(
    [pattern] => shibainu4
    [mode] => hint
)

2022-12-18 09:03:07:f9996e294c996b3d085cc3150d12fc13:：__construct：POST値：Array
(
    [pattern] => shibainu4
    [mode] => hint
)

2022-12-18 09:04:48:f9996e294c996b3d085cc3150d12fc13:：__construct：POST値：Array
(
    [pattern] => shibainu4
    [mode] => hint
)

2022-12-18 09:06:54:f9996e294c996b3d085cc3150d12fc13:：__construct：POST値：Array
(
    [pattern] => shibainu4
    [mode] => shape
)

2022-12-18 09:09:33:f9996e294c996b3d085cc3150d12fc13:：__construct：POST値：Array
(
    [pattern] => shibainu4
    [mode] => shape
)

2022-12-18 09:09:54:f9996e294c996b3d085cc3150d12fc13:：__construct：POST値：Array
(
    [pattern] => shibainu4
    [mode] => hint
)

2022-12-18 09:13:43:f9996e294c996b3d085cc3150d12fc13:：__construct：POST値：Array
(
    [pattern] => shibainu4
    [mode] => hint
)

2022-12-18 09:15:44:f9996e294c996b3d085cc3150d12fc13:：__construct：POST値：Array
(
    [pattern] => shibainu4
    [mode] => hint
)

2022-12-18 09:34:10:f9996e294c996b3d085cc3150d12fc13:：__construct：POST値：Array
(
    [pattern] => shibainu4
    [mode] => hint
)

2022-12-18 09:34:49:f9996e294c996b3d085cc3150d12fc13:：__construct：POST値：Array
(
    [pattern] => shibainu4
    [mode] => hint
)

2022-12-18 09:34:53:f9996e294c996b3d085cc3150d12fc13:：__construct：POST値：Array
(
    [pattern] => shibainu4
    [mode] => hint
)

2022-12-18 09:36:22:f9996e294c996b3d085cc3150d12fc13:：__construct：POST値：Array
(
    [pattern] => shibainu4
    [mode] => hint
)

2022-12-18 09:36:23:f9996e294c996b3d085cc3150d12fc13:：__construct：POST値：Array
(
    [pattern] => shibainu4
    [mode] => hint
)

2022-12-18 09:38:38:f9996e294c996b3d085cc3150d12fc13:：__construct：POST値：Array
(
    [pattern] => shibainu4
    [mode] => hint
)

2022-12-18 09:54:40:f9996e294c996b3d085cc3150d12fc13:：__construct：POST値：Array
(
    [pattern] => shibainu4
    [mode] => hint
)

2022-12-18 09:56:55:f9996e294c996b3d085cc3150d12fc13:：__construct：POST値：Array
(
    [pattern] => shibainu4
    [mode] => hint
)

2022-12-18 09:56:57:f9996e294c996b3d085cc3150d12fc13:：__construct：POST値：Array
(
    [pattern] => shibainu4
    [mode] => hint
)

2022-12-18 09:58:11:f9996e294c996b3d085cc3150d12fc13:：__construct：POST値：Array
(
    [pattern] => shibainu4
    [mode] => hint
)

2022-12-18 10:03:25:f9996e294c996b3d085cc3150d12fc13:：__construct：POST値：Array
(
    [pattern] => shibainu4
    [mode] => hint
)

2022-12-18 10:06:09:f9996e294c996b3d085cc3150d12fc13:：__construct：POST値：Array
(
    [pattern] => shibainu4
    [mode] => hint
)

2022-12-18 10:06:24:f9996e294c996b3d085cc3150d12fc13:：__construct：POST値：Array
(
    [pattern] => shibainu4
    [mode] => shape
)

2022-12-18 10:08:03:f9996e294c996b3d085cc3150d12fc13:：__construct：POST値：Array
(
    [pattern] => shibainu4
    [mode] => shape
)

2022-12-18 10:08:12:f9996e294c996b3d085cc3150d12fc13:：__construct：POST値：Array
(
    [pattern] => shibainu4
    [mode] => shape
)

2022-12-18 10:08:33:f9996e294c996b3d085cc3150d12fc13:：__construct：POST値：Array
(
    [pattern] => shibainu4
    [mode] => shape
)

2022-12-18 10:08:48:f9996e294c996b3d085cc3150d12fc13:：__construct：POST値：Array
(
    [pattern] => shibainu4
    [mode] => shape
)

2022-12-18 10:11:06:f9996e294c996b3d085cc3150d12fc13:：__construct：POST値：Array
(
    [pattern] => shibainu4
    [mode] => shape
)

2022-12-18 10:11:20:f9996e294c996b3d085cc3150d12fc13:：__construct：POST値：Array
(
    [pattern] => shibainu4
    [mode] => shape
)

2022-12-18 10:12:05:f9996e294c996b3d085cc3150d12fc13:：__construct：POST値：Array
(
    [pattern] => shibainu4
    [mode] => shape
)

2022-12-18 10:12:27:f9996e294c996b3d085cc3150d12fc13:：__construct：POST値：Array
(
    [pattern] => shibainu4
    [mode] => shape
)

2022-12-18 10:12:38:f9996e294c996b3d085cc3150d12fc13:：__construct：POST値：Array
(
    [pattern] => shibainu4
    [mode] => shape
)

2022-12-18 10:12:50:f9996e294c996b3d085cc3150d12fc13:：__construct：POST値：Array
(
    [pattern] => shibainu4
    [mode] => shape
)

2022-12-18 10:12:57:f9996e294c996b3d085cc3150d12fc13:：__construct：POST値：Array
(
    [pattern] => shibainu4
    [mode] => shape
)

2022-12-18 10:15:52:f9996e294c996b3d085cc3150d12fc13:：__construct：POST値：Array
(
    [pattern] => shibainu4
    [mode] => shape
)

2022-12-18 10:22:41:f9996e294c996b3d085cc3150d12fc13:：__construct：POST値：Array
(
    [pattern] => shibainu4
    [mode] => shape
)

2022-12-18 10:28:18:f9996e294c996b3d085cc3150d12fc13:：__construct：POST値：Array
(
    [pattern] => shibainu4
    [mode] => shape
)

2022-12-18 10:32:11:f9996e294c996b3d085cc3150d12fc13:：__construct：POST値：Array
(
    [pattern] => shibainu4
    [mode] => shape
)

2022-12-18 10:35:12:f9996e294c996b3d085cc3150d12fc13:：__construct：POST値：Array
(
    [pattern] => shibainu4
    [mode] => shape
)

2022-12-18 10:36:27:f9996e294c996b3d085cc3150d12fc13:：__construct：POST値：Array
(
    [pattern] => shibainu4
    [mode] => shape
)

2022-12-18 10:37:59:f9996e294c996b3d085cc3150d12fc13:：__construct：POST値：Array
(
    [pattern] => shibainu4
    [mode] => shape
)

2022-12-18 10:38:20:f9996e294c996b3d085cc3150d12fc13:：__construct：POST値：Array
(
    [pattern] => shibainu4
    [mode] => shape
)

2022-12-18 10:38:52:f9996e294c996b3d085cc3150d12fc13:：__construct：POST値：Array
(
    [pattern] => shibainu4
    [mode] => hint
)

2022-12-18 10:41:57:f9996e294c996b3d085cc3150d12fc13:：__construct：POST値：Array
(
    [pattern] => shibainu4
    [mode] => hint
)

2022-12-18 10:43:13:0ae495742b72915e7aa486c0a61cb276:：__construct：POST値：Array
(
    [question] => flag9
)

2022-12-18 10:43:18:0ae495742b72915e7aa486c0a61cb276:：__construct：POST値：Array
(
    [pattern] => shibainu4
    [mode] => hint
)

2022-12-18 10:43:59:f9996e294c996b3d085cc3150d12fc13:：__construct：POST値：Array
(
    [pattern] => shibainu4
    [mode] => hint
)

2022-12-18 10:46:34:f9996e294c996b3d085cc3150d12fc13:：__construct：POST値：Array
(
    [pattern] => shibainu4
    [mode] => hint
)

2022-12-18 10:48:43:f9996e294c996b3d085cc3150d12fc13:：__construct：POST値：Array
(
    [pattern] => shibainu4
    [mode] => hint
)

2022-12-18 10:48:45:f9996e294c996b3d085cc3150d12fc13:：__construct：POST値：Array
(
    [pattern] => shibainu4
    [mode] => hint
)

2022-12-18 10:49:10:f9996e294c996b3d085cc3150d12fc13:：__construct：POST値：Array
(
    [pattern] => shibainu4
    [mode] => hint
)

2022-12-18 10:49:22:f9996e294c996b3d085cc3150d12fc13:：__construct：POST値：Array
(
    [pattern] => shibainu4
    [mode] => hint
)

2022-12-18 10:49:38:f9996e294c996b3d085cc3150d12fc13:：__construct：POST値：Array
(
    [pattern] => shibainu4
    [mode] => hint
)

2022-12-18 10:50:51:f9996e294c996b3d085cc3150d12fc13:：__construct：POST値：Array
(
    [pattern] => shibainu4
    [mode] => hint
)

2022-12-18 10:52:01:f9996e294c996b3d085cc3150d12fc13:：__construct：POST値：Array
(
    [pattern] => shibainu4
    [mode] => hint
)

2022-12-18 10:52:05:f9996e294c996b3d085cc3150d12fc13:：__construct：POST値：Array
(
    [pattern] => shibainu4
    [mode] => hint
)

2022-12-18 10:52:08:f9996e294c996b3d085cc3150d12fc13:：__construct：POST値：Array
(
    [pattern] => shibainu4
    [mode] => hint
)

2022-12-18 10:52:12:f9996e294c996b3d085cc3150d12fc13:：__construct：POST値：Array
(
    [pattern] => shibainu4
    [mode] => hint
)

2022-12-18 10:52:15:f9996e294c996b3d085cc3150d12fc13:：__construct：POST値：Array
(
    [pattern] => shibainu4
    [mode] => hint
)

2022-12-18 10:52:42:f9996e294c996b3d085cc3150d12fc13:：__construct：POST値：Array
(
    [pattern] => shibainu4
    [mode] => hint
)

2022-12-18 10:52:44:f9996e294c996b3d085cc3150d12fc13:：__construct：POST値：Array
(
    [pattern] => shibainu4
    [mode] => hint
)

2022-12-18 10:53:06:f9996e294c996b3d085cc3150d12fc13:：__construct：POST値：Array
(
    [pattern] => shibainu4
    [mode] => hint
)

2022-12-18 10:53:10:f9996e294c996b3d085cc3150d12fc13:：__construct：POST値：Array
(
    [pattern] => shibainu4
    [mode] => hint
)

2022-12-18 10:53:40:f9996e294c996b3d085cc3150d12fc13:：__construct：POST値：Array
(
    [pattern] => shibainu4
    [mode] => hint
)

2022-12-18 10:53:58:f9996e294c996b3d085cc3150d12fc13:：__construct：POST値：Array
(
    [pattern] => shibainu4
    [mode] => hint
)

2022-12-18 10:55:16:f9996e294c996b3d085cc3150d12fc13:：__construct：POST値：Array
(
    [pattern] => shibainu4
    [mode] => hint
)

2022-12-18 10:58:11:f9996e294c996b3d085cc3150d12fc13:：__construct：POST値：Array
(
    [pattern] => shibainu4
    [mode] => hint
)

2022-12-18 11:02:54:f9996e294c996b3d085cc3150d12fc13:：__construct：POST値：Array
(
    [pattern] => shibainu4
    [mode] => hint
)

2022-12-18 11:02:56:f9996e294c996b3d085cc3150d12fc13:：__construct：POST値：Array
(
    [pattern] => shibainu4
    [mode] => hint
)

2022-12-18 11:03:32:f9996e294c996b3d085cc3150d12fc13:：__construct：POST値：Array
(
    [pattern] => shibainu4
    [mode] => hint
)

2022-12-18 11:03:52:0ae495742b72915e7aa486c0a61cb276:：__construct：POST値：Array
(
    [pattern] => shibainu4
    [mode] => hint
)

2022-12-18 11:06:02:0ae495742b72915e7aa486c0a61cb276:：__construct：POST値：Array
(
    [pattern] => shibainu4
    [mode] => hint
)

2022-12-18 11:06:11:f9996e294c996b3d085cc3150d12fc13:：__construct：POST値：Array
(
    [pattern] => shibainu4
    [mode] => hint
)

2022-12-18 11:06:39:f9996e294c996b3d085cc3150d12fc13:：__construct：POST値：Array
(
    [pattern] => shibainu4
    [mode] => hint
)

2022-12-18 11:06:41:f9996e294c996b3d085cc3150d12fc13:：__construct：POST値：Array
(
    [pattern] => shibainu4
    [mode] => hint
)

2022-12-18 11:07:04:0ae495742b72915e7aa486c0a61cb276:：__construct：POST値：Array
(
    [pattern] => shibainu4
    [mode] => hint
)

2022-12-18 11:08:42:0ae495742b72915e7aa486c0a61cb276:：__construct：POST値：Array
(
    [pattern] => shibainu4
    [mode] => hint
)

2022-12-18 11:09:22:0ae495742b72915e7aa486c0a61cb276:：__construct：POST値：Array
(
    [pattern] => shibainu4
    [mode] => hint
)

2022-12-18 11:15:07:f9996e294c996b3d085cc3150d12fc13:：__construct：POST値：Array
(
    [pattern] => shibainu4
    [mode] => hint
)

2022-12-18 11:15:19:0ae495742b72915e7aa486c0a61cb276:：__construct：POST値：Array
(
    [pattern] => shibainu4
    [mode] => hint
)

2022-12-18 11:15:55:0ae495742b72915e7aa486c0a61cb276:：__construct：POST値：Array
(
    [pattern] => shibainu4
    [mode] => hint
)

2022-12-18 11:16:25:0ae495742b72915e7aa486c0a61cb276:：__construct：POST値：Array
(
    [pattern] => shibainu4
    [mode] => hint
)

2022-12-18 11:16:55:0ae495742b72915e7aa486c0a61cb276:：__construct：POST値：Array
(
    [pattern] => shibainu4
    [mode] => hint
)

2022-12-18 11:21:25:0ae495742b72915e7aa486c0a61cb276:：__construct：POST値：Array
(
    [pattern] => shibainu4
    [mode] => hint
)

2022-12-18 11:21:38:f9996e294c996b3d085cc3150d12fc13:：__construct：POST値：Array
(
    [pattern] => shibainu4
    [mode] => hint
)

2022-12-18 11:22:07:f9996e294c996b3d085cc3150d12fc13:：__construct：POST値：Array
(
    [pattern] => shibainu4
    [mode] => hint
)

2022-12-18 11:22:18:0ae495742b72915e7aa486c0a61cb276:：__construct：POST値：Array
(
    [pattern] => shibainu4
    [mode] => hint
)

2022-12-18 11:23:37:0ae495742b72915e7aa486c0a61cb276:：__construct：POST値：Array
(
    [pattern] => shibainu4
    [mode] => hint
)

2022-12-18 11:24:05:0ae495742b72915e7aa486c0a61cb276:：__construct：POST値：Array
(
    [pattern] => shibainu4
    [mode] => hint
)

2022-12-18 11:24:59:0ae495742b72915e7aa486c0a61cb276:：__construct：POST値：Array
(
    [pattern] => shibainu4
    [mode] => hint
)

2022-12-18 11:25:28:0ae495742b72915e7aa486c0a61cb276:：__construct：POST値：Array
(
    [pattern] => shibainu4
    [mode] => hint
)

2022-12-18 11:26:17:0ae495742b72915e7aa486c0a61cb276:：__construct：POST値：Array
(
    [pattern] => shibainu4
    [mode] => hint
)

2022-12-18 11:26:33:0ae495742b72915e7aa486c0a61cb276:：__construct：POST値：Array
(
    [pattern] => shibainu4
    [mode] => hint
)

2022-12-18 11:26:56:0ae495742b72915e7aa486c0a61cb276:：__construct：POST値：Array
(
    [pattern] => shibainu4
    [mode] => hint
)

2022-12-18 11:27:18:0ae495742b72915e7aa486c0a61cb276:：__construct：POST値：Array
(
    [pattern] => shibainu4
    [mode] => hint
)

2022-12-18 11:28:30:f9996e294c996b3d085cc3150d12fc13:：__construct：POST値：Array
(
    [pattern] => shibainu4
    [mode] => hint
)

2022-12-18 11:33:31:f9996e294c996b3d085cc3150d12fc13:：__construct：POST値：Array
(
    [pattern] => shibainu4
    [mode] => hint
)

2022-12-18 12:07:42:f9996e294c996b3d085cc3150d12fc13:：__construct：POST値：Array
(
    [pattern] => shibainu4
    [mode] => hint
)

2022-12-18 12:08:24:f9996e294c996b3d085cc3150d12fc13:：__construct：POST値：Array
(
    [pattern] => shibainu4
    [mode] => hint
)

2022-12-18 12:09:10:f9996e294c996b3d085cc3150d12fc13:：__construct：POST値：Array
(
    [pattern] => shibainu4
    [mode] => hint
)

2022-12-18 12:09:33:0ae495742b72915e7aa486c0a61cb276:：__construct：POST値：Array
(
    [pattern] => shibainu4
    [mode] => hint
)

2022-12-18 12:10:07:0ae495742b72915e7aa486c0a61cb276:：__construct：POST値：Array
(
    [pattern] => shibainu4
    [mode] => hint
)

2022-12-18 12:10:45:0ae495742b72915e7aa486c0a61cb276:：__construct：POST値：Array
(
    [pattern] => shibainu4
    [mode] => hint
)

2022-12-18 12:11:05:0ae495742b72915e7aa486c0a61cb276:：__construct：POST値：Array
(
    [pattern] => shibainu4
    [mode] => hint
)

2022-12-18 12:11:46:0ae495742b72915e7aa486c0a61cb276:：__construct：POST値：Array
(
    [pattern] => shibainu4
    [mode] => hint
)

2022-12-18 12:13:43:0ae495742b72915e7aa486c0a61cb276:：__construct：POST値：Array
(
    [pattern] => shibainu4
    [mode] => hint
)

2022-12-18 12:13:55:0ae495742b72915e7aa486c0a61cb276:：__construct：POST値：Array
(
    [pattern] => shibainu4
    [mode] => hint
)

2022-12-18 12:14:07:0ae495742b72915e7aa486c0a61cb276:：__construct：POST値：Array
(
    [pattern] => shibainu4
    [mode] => hint
)

2022-12-18 12:14:25:0ae495742b72915e7aa486c0a61cb276:：__construct：POST値：Array
(
    [pattern] => shibainu4
    [mode] => hint
)

2022-12-18 12:15:43:0ae495742b72915e7aa486c0a61cb276:：__construct：POST値：Array
(
    [pattern] => shibainu4
    [mode] => hint
)

2022-12-18 12:17:38:18d5598cfc5309f66345fb4c37b9c200:：__construct：POST値：Array
(
    [pattern] => shibainu4
    [mode] => hint
)

2022-12-18 12:17:44:bd58a12ae808be127ce1fd2f959d1036:：__construct：POST値：Array
(
    [pattern] => shibainu4
    [mode] => hint
)

2022-12-18 12:18:37:bd58a12ae808be127ce1fd2f959d1036:：__construct：POST値：Array
(
    [pattern] => shibainu4
    [mode] => hint
)

2022-12-18 12:20:20:f9996e294c996b3d085cc3150d12fc13:：__construct：POST値：Array
(
    [pattern] => shibainu4
    [mode] => shape
)

2022-12-18 12:20:58:bd58a12ae808be127ce1fd2f959d1036:：__construct：POST値：Array
(
    [pattern] => shibainu4
    [mode] => hint
)

2022-12-18 12:21:01:bd58a12ae808be127ce1fd2f959d1036:：__construct：POST値：Array
(
    [pattern] => shibainu4
    [mode] => shape
)

2022-12-18 12:22:12:0ae495742b72915e7aa486c0a61cb276:：__construct：POST値：Array
(
    [pattern] => shibainu4
    [mode] => shape
)

2022-12-18 12:26:08:7ccdea382a97dc0233755bb7ea8e87db:：__construct：POST値：Array
(
    [pattern] => shibainu4
    [mode] => hint
)

2022-12-18 12:27:05:7ccdea382a97dc0233755bb7ea8e87db:：__construct：POST値：Array
(
    [pattern] => shibainu4
    [mode] => hint
)

2022-12-18 12:27:29:7ccdea382a97dc0233755bb7ea8e87db:：__construct：POST値：Array
(
    [pattern] => shibainu4
    [mode] => shape
)

2022-12-18 17:21:35:0ae495742b72915e7aa486c0a61cb276:：__construct：POST値：Array
(
    [pattern] => shibainu4
    [mode] => shape
)

2022-12-18 17:21:47:0ae495742b72915e7aa486c0a61cb276:：__construct：POST値：Array
(
    [pattern] => shibainu4
    [mode] => hint
)

2022-12-18 17:22:55:0ae495742b72915e7aa486c0a61cb276:：__construct：POST値：Array
(
    [pattern] => shibainu4
    [mode] => hint
)

2022-12-18 17:23:09:0ae495742b72915e7aa486c0a61cb276:：__construct：POST値：Array
(
    [pattern] => shibainu4
    [mode] => hint
)

2022-12-18 17:23:19:0ae495742b72915e7aa486c0a61cb276:：__construct：POST値：Array
(
    [pattern] => shibainu4
    [mode] => hint
)

2022-12-18 17:23:24:0ae495742b72915e7aa486c0a61cb276:：__construct：POST値：Array
(
    [pattern] => shibainu4
    [mode] => hint
)

2022-12-18 17:23:35:0ae495742b72915e7aa486c0a61cb276:：__construct：POST値：Array
(
    [pattern] => shibainu4
    [mode] => hint
)

2022-12-18 17:23:41:0ae495742b72915e7aa486c0a61cb276:：__construct：POST値：Array
(
    [pattern] => shibainu4
    [mode] => hint
)

2022-12-18 17:23:47:0ae495742b72915e7aa486c0a61cb276:：__construct：POST値：Array
(
    [pattern] => shibainu4
    [mode] => hint
)

2022-12-18 17:23:58:0ae495742b72915e7aa486c0a61cb276:：__construct：POST値：Array
(
    [pattern] => shibainu4
    [mode] => hint
)

2022-12-18 17:24:04:0ae495742b72915e7aa486c0a61cb276:：__construct：POST値：Array
(
    [pattern] => shibainu4
    [mode] => hint
)

2022-12-18 17:24:13:0ae495742b72915e7aa486c0a61cb276:：__construct：POST値：Array
(
    [pattern] => shibainu4
    [mode] => hint
)

2022-12-18 17:24:23:0ae495742b72915e7aa486c0a61cb276:：__construct：POST値：Array
(
    [pattern] => shibainu4
    [mode] => hint
)

2022-12-18 17:24:32:0ae495742b72915e7aa486c0a61cb276:：__construct：POST値：Array
(
    [pattern] => shibainu4
    [mode] => hint
)

2022-12-18 17:24:56:0ae495742b72915e7aa486c0a61cb276:：__construct：POST値：Array
(
    [pattern] => shibainu4
    [mode] => hint
)

2022-12-18 17:25:01:0ae495742b72915e7aa486c0a61cb276:：__construct：POST値：Array
(
    [pattern] => shibainu4
    [mode] => hint
)

2022-12-18 17:25:06:0ae495742b72915e7aa486c0a61cb276:：__construct：POST値：Array
(
    [pattern] => shibainu4
    [mode] => hint
)

2022-12-18 17:25:11:0ae495742b72915e7aa486c0a61cb276:：__construct：POST値：Array
(
    [pattern] => shibainu4
    [mode] => hint
)

2022-12-18 17:25:21:0ae495742b72915e7aa486c0a61cb276:：__construct：POST値：Array
(
    [pattern] => shibainu4
    [mode] => hint
)

2022-12-18 17:25:27:0ae495742b72915e7aa486c0a61cb276:：__construct：POST値：Array
(
    [pattern] => shibainu4
    [mode] => hint
)

2022-12-18 17:25:36:0ae495742b72915e7aa486c0a61cb276:：__construct：POST値：Array
(
    [pattern] => shibainu4
    [mode] => hint
)

2022-12-18 17:25:48:0ae495742b72915e7aa486c0a61cb276:：__construct：POST値：Array
(
    [pattern] => shibainu4
    [mode] => hint
)

2022-12-18 17:25:54:0ae495742b72915e7aa486c0a61cb276:：__construct：POST値：Array
(
    [pattern] => shibainu4
    [mode] => hint
)

2022-12-18 17:25:59:0ae495742b72915e7aa486c0a61cb276:：__construct：POST値：Array
(
    [pattern] => shibainu4
    [mode] => hint
)

2022-12-18 17:26:05:0ae495742b72915e7aa486c0a61cb276:：__construct：POST値：Array
(
    [pattern] => shibainu4
    [mode] => hint
)

2022-12-18 17:26:15:0ae495742b72915e7aa486c0a61cb276:：__construct：POST値：Array
(
    [pattern] => shibainu4
    [mode] => hint
)

2022-12-18 17:26:19:0ae495742b72915e7aa486c0a61cb276:：__construct：POST値：Array
(
    [pattern] => shibainu4
    [mode] => hint
)

2022-12-18 17:26:25:0ae495742b72915e7aa486c0a61cb276:：__construct：POST値：Array
(
    [pattern] => shibainu4
    [mode] => hint
)

2022-12-18 17:26:30:0ae495742b72915e7aa486c0a61cb276:：__construct：POST値：Array
(
    [pattern] => shibainu4
    [mode] => hint
)

2022-12-18 17:26:36:0ae495742b72915e7aa486c0a61cb276:：__construct：POST値：Array
(
    [pattern] => shibainu4
    [mode] => hint
)

2022-12-18 17:26:43:0ae495742b72915e7aa486c0a61cb276:：__construct：POST値：Array
(
    [pattern] => shibainu4
    [mode] => hint
)

2022-12-18 17:26:48:0ae495742b72915e7aa486c0a61cb276:：__construct：POST値：Array
(
    [pattern] => shibainu4
    [mode] => hint
)

2022-12-18 17:27:03:0ae495742b72915e7aa486c0a61cb276:：__construct：POST値：Array
(
    [pattern] => shibainu4
    [mode] => hint
)

2022-12-18 17:27:18:0ae495742b72915e7aa486c0a61cb276:：__construct：POST値：Array
(
    [pattern] => shibainu4
    [mode] => hint
)

2022-12-18 17:27:23:0ae495742b72915e7aa486c0a61cb276:：__construct：POST値：Array
(
    [pattern] => shibainu4
    [mode] => hint
)

2022-12-18 17:27:28:0ae495742b72915e7aa486c0a61cb276:：__construct：POST値：Array
(
    [pattern] => shibainu4
    [mode] => hint
)

2022-12-18 17:27:34:0ae495742b72915e7aa486c0a61cb276:：__construct：POST値：Array
(
    [pattern] => shibainu4
    [mode] => hint
)

2022-12-18 17:27:41:0ae495742b72915e7aa486c0a61cb276:：__construct：POST値：Array
(
    [pattern] => shibainu4
    [mode] => hint
)

2022-12-18 17:27:59:0ae495742b72915e7aa486c0a61cb276:：__construct：POST値：Array
(
    [pattern] => shibainu4
    [mode] => hint
)

2022-12-18 17:28:10:0ae495742b72915e7aa486c0a61cb276:：__construct：POST値：Array
(
    [pattern] => shibainu4
    [mode] => hint
)

2022-12-18 17:28:15:0ae495742b72915e7aa486c0a61cb276:：__construct：POST値：Array
(
    [pattern] => shibainu4
    [mode] => hint
)

2022-12-18 17:28:22:0ae495742b72915e7aa486c0a61cb276:：__construct：POST値：Array
(
    [pattern] => shibainu4
    [mode] => hint
)

2022-12-18 17:28:26:0ae495742b72915e7aa486c0a61cb276:：__construct：POST値：Array
(
    [pattern] => shibainu4
    [mode] => hint
)

2022-12-18 17:28:51:0ae495742b72915e7aa486c0a61cb276:：__construct：POST値：Array
(
    [pattern] => shibainu4
    [mode] => hint
)

2022-12-18 17:28:56:0ae495742b72915e7aa486c0a61cb276:：__construct：POST値：Array
(
    [pattern] => shibainu4
    [mode] => hint
)

2022-12-18 17:29:03:0ae495742b72915e7aa486c0a61cb276:：__construct：POST値：Array
(
    [pattern] => shibainu4
    [mode] => hint
)

2022-12-18 17:29:13:0ae495742b72915e7aa486c0a61cb276:：__construct：POST値：Array
(
    [pattern] => shibainu4
    [mode] => hint
)

2022-12-18 17:29:20:0ae495742b72915e7aa486c0a61cb276:：__construct：POST値：Array
(
    [pattern] => shibainu4
    [mode] => hint
)

2022-12-18 17:29:24:0ae495742b72915e7aa486c0a61cb276:：__construct：POST値：Array
(
    [pattern] => shibainu4
    [mode] => hint
)

2022-12-18 17:29:31:0ae495742b72915e7aa486c0a61cb276:：__construct：POST値：Array
(
    [pattern] => shibainu4
    [mode] => hint
)

2022-12-18 17:29:38:0ae495742b72915e7aa486c0a61cb276:：__construct：POST値：Array
(
    [pattern] => shibainu4
    [mode] => hint
)

2022-12-18 17:29:57:0ae495742b72915e7aa486c0a61cb276:：__construct：POST値：Array
(
    [pattern] => shibainu4
    [mode] => hint
)

2022-12-18 17:43:36:f9996e294c996b3d085cc3150d12fc13:：__construct：POST値：Array
(
    [pattern] => shibainu4
    [mode] => hint
)

2022-12-18 17:44:03:f9996e294c996b3d085cc3150d12fc13:：__construct：POST値：Array
(
    [pattern] => shibainu4
    [mode] => hint
)

2022-12-18 17:44:05:f9996e294c996b3d085cc3150d12fc13:：__construct：POST値：Array
(
    [pattern] => shibainu4
    [mode] => hint
)

2022-12-18 17:44:36:f9996e294c996b3d085cc3150d12fc13:：__construct：POST値：Array
(
    [pattern] => shibainu4
    [mode] => hint
)

2022-12-18 17:44:38:f9996e294c996b3d085cc3150d12fc13:：__construct：POST値：Array
(
    [pattern] => shibainu4
    [mode] => shape
)

2022-12-18 17:47:16:f9996e294c996b3d085cc3150d12fc13:：__construct：POST値：Array
(
    [pattern] => shibainu4
    [mode] => shape
)

2022-12-18 17:47:44:0ae495742b72915e7aa486c0a61cb276:：__construct：POST値：Array
(
    [pattern] => shibainu4
    [mode] => hint
)

2022-12-18 17:47:52:0ae495742b72915e7aa486c0a61cb276:：__construct：POST値：Array
(
    [pattern] => shibainu4
    [mode] => hint
)

2022-12-18 17:51:31:f9996e294c996b3d085cc3150d12fc13:：__construct：POST値：Array
(
    [pattern] => shibainu4
    [mode] => shape
)

2022-12-18 17:51:46:0ae495742b72915e7aa486c0a61cb276:：__construct：POST値：Array
(
    [pattern] => shibainu4
    [mode] => shape
)

2022-12-18 17:53:17:f9996e294c996b3d085cc3150d12fc13:：__construct：POST値：Array
(
    [pattern] => shibainu4
    [mode] => shape
)

2022-12-18 17:55:25:f9996e294c996b3d085cc3150d12fc13:：__construct：POST値：Array
(
    [pattern] => shibainu4
    [mode] => shape
)

2022-12-18 17:56:23:f9996e294c996b3d085cc3150d12fc13:：__construct：POST値：Array
(
    [pattern] => shibainu4
    [mode] => shape
)

2022-12-18 17:56:54:f9996e294c996b3d085cc3150d12fc13:：__construct：POST値：Array
(
    [pattern] => shibainu4
    [mode] => shape
)

2022-12-18 17:58:15:f9996e294c996b3d085cc3150d12fc13:：__construct：POST値：Array
(
    [pattern] => shibainu4
    [mode] => shape
)

2022-12-18 17:59:35:f9996e294c996b3d085cc3150d12fc13:：__construct：POST値：Array
(
    [pattern] => shibainu4
    [mode] => shape
)

2022-12-18 18:00:34:f9996e294c996b3d085cc3150d12fc13:：__construct：POST値：Array
(
    [pattern] => shibainu4
    [mode] => shape
)

2022-12-18 18:00:35:f9996e294c996b3d085cc3150d12fc13:：__construct：POST値：Array
(
    [pattern] => shibainu4
    [mode] => shape
)

2022-12-18 18:01:52:f9996e294c996b3d085cc3150d12fc13:：__construct：POST値：Array
(
    [pattern] => shibainu4
    [mode] => shape
)

2022-12-18 18:01:54:f9996e294c996b3d085cc3150d12fc13:：__construct：POST値：Array
(
    [pattern] => shibainu4
    [mode] => shape
)

2022-12-18 18:02:23:f9996e294c996b3d085cc3150d12fc13:：__construct：POST値：Array
(
    [pattern] => shibainu4
    [mode] => shape
)

2022-12-18 18:02:37:0ae495742b72915e7aa486c0a61cb276:：__construct：POST値：Array
(
    [pattern] => shibainu4
    [mode] => hint
)

2022-12-18 18:06:28:f9996e294c996b3d085cc3150d12fc13:：__construct：POST値：Array
(
    [pattern] => shibainu4
    [mode] => shape
)

2022-12-18 18:06:41:f9996e294c996b3d085cc3150d12fc13:：__construct：POST値：Array
(
    [pattern] => shibainu4
    [mode] => shape
)

2022-12-18 18:07:02:f9996e294c996b3d085cc3150d12fc13:：__construct：POST値：Array
(
    [pattern] => shibainu4
    [mode] => hint
)

2022-12-18 18:07:15:0ae495742b72915e7aa486c0a61cb276:：__construct：POST値：Array
(
    [pattern] => shibainu4
    [mode] => hint
)

2022-12-22 06:00:47:f9996e294c996b3d085cc3150d12fc13:：__construct：POST値：Array
(
    [pattern] => shibainu9
    [mode] => hint
)

2022-12-22 06:01:00:f9996e294c996b3d085cc3150d12fc13:：__construct：POST値：Array
(
    [pattern] => shibainu9
    [mode] => hint
)

2022-12-22 06:01:23:0c73ccc6b182a32b2c202ebffffdb3b0:：__construct：POST値：Array
(
    [pattern] => shibainu9
    [mode] => hint
)

2022-12-22 06:02:45:f9996e294c996b3d085cc3150d12fc13:：__construct：POST値：Array
(
    [pattern] => shibainu9
    [mode] => hint
)

2022-12-22 06:03:07:f9996e294c996b3d085cc3150d12fc13:：__construct：POST値：Array
(
    [pattern] => shibainu9
    [mode] => piece
)

2022-12-22 06:05:43:f9996e294c996b3d085cc3150d12fc13:：__construct：POST値：Array
(
    [pattern] => shibainu9
    [mode] => piece
)

2022-12-22 06:06:19:f9996e294c996b3d085cc3150d12fc13:：__construct：POST値：Array
(
    [pattern] => shibainu9
    [mode] => piece
)

2022-12-22 06:07:46:f9996e294c996b3d085cc3150d12fc13:：__construct：POST値：Array
(
    [pattern] => shibainu9
    [mode] => piece
)

2022-12-22 06:07:55:f9996e294c996b3d085cc3150d12fc13:：__construct：POST値：Array
(
    [pattern] => shibainu9
    [mode] => piece
)

2022-12-22 06:08:02:f9996e294c996b3d085cc3150d12fc13:：__construct：POST値：Array
(
    [pattern] => shibainu9
    [mode] => piece
)

2022-12-22 06:09:00:f9996e294c996b3d085cc3150d12fc13:：__construct：POST値：Array
(
    [pattern] => shibainu9
    [mode] => piece
)

2022-12-22 06:09:46:f9996e294c996b3d085cc3150d12fc13:：__construct：POST値：Array
(
    [pattern] => shibainu9
    [mode] => piece
)

2022-12-22 06:10:05:f9996e294c996b3d085cc3150d12fc13:：__construct：POST値：Array
(
    [pattern] => shibainu9
    [mode] => piece
)

2022-12-22 06:10:14:f9996e294c996b3d085cc3150d12fc13:：__construct：POST値：Array
(
    [pattern] => shibainu9
    [mode] => piece
)

2022-12-22 06:10:22:f9996e294c996b3d085cc3150d12fc13:：__construct：POST値：Array
(
    [pattern] => shibainu9
    [mode] => piece
)

2022-12-22 06:10:36:f9996e294c996b3d085cc3150d12fc13:：__construct：POST値：Array
(
    [pattern] => shibainu9
    [mode] => piece
)

2022-12-22 06:10:50:f9996e294c996b3d085cc3150d12fc13:：__construct：POST値：Array
(
    [pattern] => shibainu9
    [mode] => piece
)

2022-12-22 06:11:00:f9996e294c996b3d085cc3150d12fc13:：__construct：POST値：Array
(
    [pattern] => shibainu9
    [mode] => piece
)

2022-12-22 06:11:07:f9996e294c996b3d085cc3150d12fc13:：__construct：POST値：Array
(
    [pattern] => shibainu9
    [mode] => piece
)

2022-12-22 06:11:17:f9996e294c996b3d085cc3150d12fc13:：__construct：POST値：Array
(
    [pattern] => shibainu9
    [mode] => piece
)

2022-12-22 06:11:25:f9996e294c996b3d085cc3150d12fc13:：__construct：POST値：Array
(
    [pattern] => shibainu9
    [mode] => piece
)

2022-12-22 06:11:41:f9996e294c996b3d085cc3150d12fc13:：__construct：POST値：Array
(
    [pattern] => shibainu9
    [mode] => piece
)

2022-12-22 06:11:50:0c73ccc6b182a32b2c202ebffffdb3b0:：__construct：POST値：Array
(
    [pattern] => shibainu9
    [mode] => piece
)

2022-12-22 06:12:05:0c73ccc6b182a32b2c202ebffffdb3b0:：__construct：POST値：Array
(
    [pattern] => shibainu9
    [mode] => piece
)

2022-12-22 06:12:22:0c73ccc6b182a32b2c202ebffffdb3b0:：__construct：POST値：Array
(
    [pattern] => shibainu9
    [mode] => piece
)

2022-12-22 06:12:35:0c73ccc6b182a32b2c202ebffffdb3b0:：__construct：POST値：Array
(
    [pattern] => shibainu9
    [mode] => piece
)

2022-12-22 06:12:59:0c73ccc6b182a32b2c202ebffffdb3b0:：__construct：POST値：Array
(
    [pattern] => shibainu9
    [mode] => hint
)

2022-12-22 06:13:37:0c73ccc6b182a32b2c202ebffffdb3b0:：__construct：POST値：Array
(
    [pattern] => shibainu9
    [mode] => shape
)

2022-12-22 06:15:05:0c73ccc6b182a32b2c202ebffffdb3b0:：__construct：POST値：Array
(
    [pattern] => shibainu9
    [mode] => hint
)

2022-12-23 07:37:36:1a8888956a6805424110c58e6eb4b9b8:：__construct：POST値：Array
(
    [pattern] => shibainu9
    [mode] => hint
)

2022-12-23 07:38:23:86b29be3f4c2f5bd42ca0edf9e1ace04:：__construct：POST値：Array
(
    [pattern] => shibainu9
    [mode] => hint
)

2022-12-23 07:39:23:86b29be3f4c2f5bd42ca0edf9e1ace04:：__construct：POST値：Array
(
    [pattern] => shibainu9
    [mode] => hint
)

2022-12-23 07:39:36:86b29be3f4c2f5bd42ca0edf9e1ace04:：__construct：POST値：Array
(
    [pattern] => shibainu9
    [mode] => hint
)

2022-12-23 07:39:46:86b29be3f4c2f5bd42ca0edf9e1ace04:：__construct：POST値：Array
(
    [pattern] => shibainu9
    [mode] => hint
)

2022-12-23 07:40:22:86b29be3f4c2f5bd42ca0edf9e1ace04:：__construct：POST値：Array
(
    [pattern] => shibainu9
    [mode] => hint
)

2022-12-23 07:41:04:86b29be3f4c2f5bd42ca0edf9e1ace04:：__construct：POST値：Array
(
    [pattern] => shibainu9
    [mode] => hint
)

2022-12-23 07:41:49:86b29be3f4c2f5bd42ca0edf9e1ace04:：__construct：POST値：Array
(
    [pattern] => shibainu9
    [mode] => hint
)

2022-12-23 07:42:02:86b29be3f4c2f5bd42ca0edf9e1ace04:：__construct：POST値：Array
(
    [pattern] => shibainu9
    [mode] => hint
)

2022-12-23 07:42:15:86b29be3f4c2f5bd42ca0edf9e1ace04:：__construct：POST値：Array
(
    [pattern] => shibainu9
    [mode] => hint
)

2022-12-23 07:42:21:86b29be3f4c2f5bd42ca0edf9e1ace04:：__construct：POST値：Array
(
    [pattern] => shibainu9
    [mode] => hint
)

2022-12-23 07:42:42:1a8888956a6805424110c58e6eb4b9b8:：__construct：POST値：Array
(
    [pattern] => shibainu9
    [mode] => hint
)

2022-12-23 07:43:03:1a8888956a6805424110c58e6eb4b9b8:：__construct：POST値：Array
(
    [pattern] => shibainu9
    [mode] => shape
)

2022-12-23 07:43:38:1a8888956a6805424110c58e6eb4b9b8:：__construct：POST値：Array
(
    [pattern] => shibainu9
    [mode] => shape
)

2022-12-23 07:43:57:1a8888956a6805424110c58e6eb4b9b8:：__construct：POST値：Array
(
    [pattern] => shibainu9
    [mode] => shape
)

2022-12-23 07:44:19:1a8888956a6805424110c58e6eb4b9b8:：__construct：POST値：Array
(
    [pattern] => shibainu9
    [mode] => shape
)

2022-12-23 07:44:36:1a8888956a6805424110c58e6eb4b9b8:：__construct：POST値：Array
(
    [pattern] => shibainu9
    [mode] => hint
)

2022-12-23 07:44:42:1a8888956a6805424110c58e6eb4b9b8:：__construct：POST値：Array
(
    [pattern] => shibainu9
    [mode] => shape
)

2022-12-23 07:44:57:1a8888956a6805424110c58e6eb4b9b8:：__construct：POST値：Array
(
    [pattern] => shibainu9
    [mode] => shape
)

2022-12-23 07:45:17:1a8888956a6805424110c58e6eb4b9b8:：__construct：POST値：Array
(
    [pattern] => shibainu9
    [mode] => hint
)

2022-12-23 07:45:23:86b29be3f4c2f5bd42ca0edf9e1ace04:：__construct：POST値：Array
(
    [pattern] => shibainu9
    [mode] => hint
)

2022-12-23 07:45:45:1a8888956a6805424110c58e6eb4b9b8:：__construct：POST値：Array
(
    [pattern] => shibainu9
    [mode] => hint
)

2022-12-23 07:49:33:86b29be3f4c2f5bd42ca0edf9e1ace04:：__construct：POST値：Array
(
    [pattern] => shibainu9
    [mode] => hint
)

2022-12-23 07:58:29:1a8888956a6805424110c58e6eb4b9b8:：__construct：POST値：Array
(
    [pattern] => shibainu16
    [mode] => hint
)

2022-12-23 07:59:11:1a8888956a6805424110c58e6eb4b9b8:：__construct：POST値：Array
(
    [pattern] => shibainu16
    [mode] => piece
)

2022-12-23 07:59:35:1a8888956a6805424110c58e6eb4b9b8:：__construct：POST値：Array
(
    [pattern] => shibainu16
    [mode] => piece
)

2022-12-23 07:59:49:1a8888956a6805424110c58e6eb4b9b8:：__construct：POST値：Array
(
    [pattern] => shibainu16
    [mode] => piece
)

2022-12-23 08:04:09:1a8888956a6805424110c58e6eb4b9b8:：__construct：POST値：Array
(
    [pattern] => shibainu16
    [mode] => piece
)

2022-12-23 08:05:08:1a8888956a6805424110c58e6eb4b9b8:：__construct：POST値：Array
(
    [pattern] => shibainu16
    [mode] => piece
)

2022-12-23 08:05:26:1a8888956a6805424110c58e6eb4b9b8:：__construct：POST値：Array
(
    [pattern] => shibainu16
    [mode] => piece
)

2022-12-23 08:05:49:1a8888956a6805424110c58e6eb4b9b8:：__construct：POST値：Array
(
    [pattern] => shibainu16
    [mode] => piece
)

2022-12-23 08:21:13:1a8888956a6805424110c58e6eb4b9b8:：__construct：POST値：Array
(
    [pattern] => shibainu16
    [mode] => piece
)

2022-12-23 08:21:20:1a8888956a6805424110c58e6eb4b9b8:：__construct：POST値：Array
(
    [pattern] => shibainu16
    [mode] => piece
)

2022-12-23 08:21:28:1a8888956a6805424110c58e6eb4b9b8:：__construct：POST値：Array
(
    [pattern] => shibainu16
    [mode] => piece
)

2022-12-23 08:21:36:1a8888956a6805424110c58e6eb4b9b8:：__construct：POST値：Array
(
    [pattern] => shibainu16
    [mode] => piece
)

2022-12-23 08:21:47:1a8888956a6805424110c58e6eb4b9b8:：__construct：POST値：Array
(
    [pattern] => shibainu16
    [mode] => piece
)

2022-12-23 08:22:08:1a8888956a6805424110c58e6eb4b9b8:：__construct：POST値：Array
(
    [pattern] => shibainu16
    [mode] => piece
)

2022-12-23 08:22:15:1a8888956a6805424110c58e6eb4b9b8:：__construct：POST値：Array
(
    [pattern] => shibainu16
    [mode] => piece
)

2022-12-23 08:22:27:1a8888956a6805424110c58e6eb4b9b8:：__construct：POST値：Array
(
    [pattern] => shibainu16
    [mode] => piece
)

2022-12-23 08:22:41:1a8888956a6805424110c58e6eb4b9b8:：__construct：POST値：Array
(
    [pattern] => shibainu16
    [mode] => piece
)

2022-12-23 08:23:09:1a8888956a6805424110c58e6eb4b9b8:：__construct：POST値：Array
(
    [pattern] => shibainu16
    [mode] => piece
)

2022-12-23 08:23:18:1a8888956a6805424110c58e6eb4b9b8:：__construct：POST値：Array
(
    [pattern] => shibainu16
    [mode] => piece
)

2022-12-23 08:23:33:1a8888956a6805424110c58e6eb4b9b8:：__construct：POST値：Array
(
    [pattern] => shibainu16
    [mode] => piece
)

2022-12-23 08:23:45:1a8888956a6805424110c58e6eb4b9b8:：__construct：POST値：Array
(
    [pattern] => shibainu16
    [mode] => piece
)

2022-12-23 08:23:56:1a8888956a6805424110c58e6eb4b9b8:：__construct：POST値：Array
(
    [pattern] => shibainu16
    [mode] => piece
)

2022-12-23 08:24:07:1a8888956a6805424110c58e6eb4b9b8:：__construct：POST値：Array
(
    [pattern] => shibainu16
    [mode] => piece
)

2022-12-23 08:24:17:1a8888956a6805424110c58e6eb4b9b8:：__construct：POST値：Array
(
    [pattern] => shibainu16
    [mode] => piece
)

2022-12-23 08:24:29:1a8888956a6805424110c58e6eb4b9b8:：__construct：POST値：Array
(
    [pattern] => shibainu16
    [mode] => piece
)

2022-12-23 12:16:42:86b29be3f4c2f5bd42ca0edf9e1ace04:：__construct：POST値：Array
(
    [pattern] => shibainu16
    [mode] => piece
)

2022-12-23 12:18:33:86b29be3f4c2f5bd42ca0edf9e1ace04:：__construct：POST値：Array
(
    [pattern] => shibainu16
    [mode] => shape
)

2022-12-23 20:29:06:86b29be3f4c2f5bd42ca0edf9e1ace04:：__construct：POST値：Array
(
    [pattern] => shibainu16
    [mode] => piece
)

2022-12-23 20:30:06:86b29be3f4c2f5bd42ca0edf9e1ace04:：__construct：POST値：Array
(
    [pattern] => shibainu9
    [mode] => hint
)

2022-12-23 20:30:19:86b29be3f4c2f5bd42ca0edf9e1ace04:：__construct：POST値：Array
(
    [pattern] => shibainu16
    [mode] => piece
)

2022-12-23 20:30:22:86b29be3f4c2f5bd42ca0edf9e1ace04:：__construct：POST値：Array
(
    [pattern] => shibainu9
    [mode] => hint
)

2022-12-23 20:30:31:86b29be3f4c2f5bd42ca0edf9e1ace04:：__construct：POST値：Array
(
    [pattern] => shibainu9
    [mode] => hint
)

2022-12-23 20:30:54:86b29be3f4c2f5bd42ca0edf9e1ace04:：__construct：POST値：Array
(
    [pattern] => shibainu9
    [mode] => hint
)

2022-12-23 20:30:59:86b29be3f4c2f5bd42ca0edf9e1ace04:：__construct：POST値：Array
(
    [pattern] => shibainu9
    [mode] => hint
)

2022-12-23 20:31:07:86b29be3f4c2f5bd42ca0edf9e1ace04:：__construct：POST値：Array
(
    [pattern] => shibainu9
    [mode] => hint
)

2022-12-23 20:31:13:86b29be3f4c2f5bd42ca0edf9e1ace04:：__construct：POST値：Array
(
    [pattern] => shibainu9
    [mode] => hint
)

2022-12-23 20:31:43:86b29be3f4c2f5bd42ca0edf9e1ace04:：__construct：POST値：Array
(
    [pattern] => shibainu4
    [mode] => hint
)

2022-12-23 20:32:07:86b29be3f4c2f5bd42ca0edf9e1ace04:：__construct：POST値：Array
(
    [pattern] => shibainu4
    [mode] => hint
)

2022-12-23 20:32:14:86b29be3f4c2f5bd42ca0edf9e1ace04:：__construct：POST値：Array
(
    [pattern] => shibainu4
    [mode] => hint
)

2022-12-23 20:34:09:86b29be3f4c2f5bd42ca0edf9e1ace04:：__construct：POST値：Array
(
    [pattern] => shibainu4
    [mode] => hint
)

2022-12-23 20:34:23:86b29be3f4c2f5bd42ca0edf9e1ace04:：__construct：POST値：Array
(
    [pattern] => shibainu4
    [mode] => hint
)

2022-12-23 20:34:34:86b29be3f4c2f5bd42ca0edf9e1ace04:：__construct：POST値：Array
(
    [pattern] => shibainu16
    [mode] => piece
)

2022-12-23 20:34:47:86b29be3f4c2f5bd42ca0edf9e1ace04:：__construct：POST値：Array
(
    [pattern] => shibainu4
    [mode] => hint
)

2022-12-23 20:35:26:86b29be3f4c2f5bd42ca0edf9e1ace04:：__construct：POST値：Array
(
    [pattern] => shibainu4
    [mode] => hint
)

2022-12-23 20:36:08:86b29be3f4c2f5bd42ca0edf9e1ace04:：__construct：POST値：Array
(
    [pattern] => shibainu4
    [mode] => hint
)

2022-12-23 20:37:12:86b29be3f4c2f5bd42ca0edf9e1ace04:：__construct：POST値：Array
(
    [pattern] => shibainu4
    [mode] => hint
)

2022-12-24 06:36:31:1a8888956a6805424110c58e6eb4b9b8:：__construct：POST値：Array
(
    [pattern] => shibainu16
    [mode] => piece
)

2022-12-24 08:11:23:f66548f532b931d772515ae3ae9712f7:：__construct：POST値：Array
(
    [pattern] => shibainu16
    [mode] => piece
)

2022-12-24 08:11:36:f66548f532b931d772515ae3ae9712f7:：__construct：POST値：Array
(
    [pattern] => shibainu16
    [mode] => hint
)

2022-12-24 08:13:53:f66548f532b931d772515ae3ae9712f7:：__construct：POST値：Array
(
    [pattern] => shibainu16
    [mode] => hint
)

2022-12-24 08:19:28:86b29be3f4c2f5bd42ca0edf9e1ace04:：__construct：POST値：Array
(
    [pattern] => shibainu16
    [mode] => piece
)

2022-12-24 08:19:37:86b29be3f4c2f5bd42ca0edf9e1ace04:：__construct：POST値：Array
(
    [pattern] => shibainu16
    [mode] => hint
)

2022-12-24 08:23:20:86b29be3f4c2f5bd42ca0edf9e1ace04:：__construct：POST値：Array
(
    [pattern] => shibainu16
    [mode] => hint
)

2022-12-24 11:57:12:1a8888956a6805424110c58e6eb4b9b8:：__construct：POST値：Array
(
    [pattern] => shibainu16
    [mode] => hint
)

2022-12-24 11:57:14:1a8888956a6805424110c58e6eb4b9b8:：__construct：POST値：Array
(
    [pattern] => shibainu16
    [mode] => hint
)

2022-12-25 05:22:25:1a8888956a6805424110c58e6eb4b9b8:：__construct：POST値：Array
(
    [pattern] => shibainu16
    [mode] => shape
)

2022-12-25 06:19:38:1a8888956a6805424110c58e6eb4b9b8:：__construct：POST値：Array
(
    [pattern] => shibainu16
    [mode] => shape
)

2022-12-25 20:13:20:1a8888956a6805424110c58e6eb4b9b8:：__construct：POST値：Array
(
    [pattern] => shibainu16
    [mode] => hint
)

